<?xml version="1.0" encoding="UTF-8"?>
<testng-results ignored="0" total="1" passed="1" failed="0" skipped="0">
  <reporter-output>
  </reporter-output>
  <suite started-at="2024-08-07T15:40:03 IST" name="Default suite" finished-at="2024-08-07T15:41:37 IST" duration-ms="93557">
    <groups>
      <group name="cucumber">
        <method signature="AbstractTestNGCucumberTests.runScenario(io.cucumber.testng.PickleWrapper,io.cucumber.testng.FeatureWrapper)[pri:0, instance:runner.Testrun@7d9d0818]" name="runScenario" class="io.cucumber.testng.AbstractTestNGCucumberTests"/>
      </group> <!-- cucumber -->
    </groups>
    <test started-at="2024-08-07T15:40:03 IST" name="Default test" finished-at="2024-08-07T15:41:37 IST" duration-ms="93557">
      <class name="runner.Testrun">
        <test-method is-config="true" signature="setUpClass(org.testng.ITestContext)[pri:0, instance:runner.Testrun@7d9d0818]" started-at="2024-08-07T15:40:04 IST" name="setUpClass" finished-at="2024-08-07T15:40:05 IST" duration-ms="1226" status="PASS">
          <params>
            <param index="0">
              <value>
                <![CDATA[org.testng.TestRunner@3fa76c61]]>
              </value>
            </param>
          </params>
          <reporter-output>
          </reporter-output>
        </test-method> <!-- setUpClass -->
        <test-method signature="runScenario(io.cucumber.testng.PickleWrapper,io.cucumber.testng.FeatureWrapper)[pri:0, instance:runner.Testrun@7d9d0818]" started-at="2024-08-07T15:40:05 IST" name="runScenario" description="Runs Cucumber Scenarios" data-provider="scenarios" finished-at="2024-08-07T15:41:37 IST" duration-ms="91982" status="PASS">
          <params>
            <param index="0">
              <value>
                <![CDATA["To validate the second opinion functionality"]]>
              </value>
            </param>
            <param index="1">
              <value>
                <![CDATA["Second opinion"]]>
              </value>
            </param>
          </params>
          <reporter-output>
          </reporter-output>
        </test-method> <!-- runScenario -->
        <test-method is-config="true" signature="tearDownClass()[pri:0, instance:runner.Testrun@7d9d0818]" started-at="2024-08-07T15:41:37 IST" name="tearDownClass" finished-at="2024-08-07T15:41:37 IST" duration-ms="8" status="PASS">
          <reporter-output>
          </reporter-output>
        </test-method> <!-- tearDownClass -->
      </class> <!-- runner.Testrun -->
    </test> <!-- Default test -->
  </suite> <!-- Default suite -->
</testng-results>
